[2020-04-09 21:34:38] local.ERROR: syntax error, unexpected ')' {"exception":"[object] (Symfony\\Component\\Debug\\Exception\\FatalThrowableError(code: 0): syntax error, unexpected ')' at /mnt/c/xampp/htdocs/CryptoTrend_system/app/Console/Commands/TwitterAutomaticCounting.php:49)
[stacktrace]
#0 /mnt/c/xampp/htdocs/CryptoTrend_system/vendor/composer/ClassLoader.php(322): Composer\\Autoload\\includeFile('/mnt/c/xampp/ht...')
#1 [internal function]: Composer\\Autoload\\ClassLoader->loadClass('App\\\\Console\\\\Com...')
#2 [internal function]: spl_autoload_call('App\\\\Console\\\\Com...')
#3 /mnt/c/xampp/htdocs/CryptoTrend_system/vendor/laravel/framework/src/Illuminate/Foundation/Console/Kernel.php(241): is_subclass_of('App\\\\Console\\\\Com...', 'Illuminate\\\\Cons...')
#4 /mnt/c/xampp/htdocs/CryptoTrend_system/app/Console/Kernel.php(37): Illuminate\\Foundation\\Console\\Kernel->load(Array)
#5 /mnt/c/xampp/htdocs/CryptoTrend_system/vendor/laravel/framework/src/Illuminate/Foundation/Console/Kernel.php(328): App\\Console\\Kernel->commands()
#6 /mnt/c/xampp/htdocs/CryptoTrend_system/vendor/laravel/framework/src/Illuminate/Foundation/Console/Kernel.php(131): Illuminate\\Foundation\\Console\\Kernel->bootstrap()
#7 /mnt/c/xampp/htdocs/CryptoTrend_system/artisan(37): Illuminate\\Foundation\\Console\\Kernel->handle(Object(Symfony\\Component\\Console\\Input\\ArgvInput), Object(Symfony\\Component\\Console\\Output\\ConsoleOutput))
#8 {main}
"} 
[2020-04-09 21:35:32] local.ERROR: syntax error, unexpected ')' {"exception":"[object] (Symfony\\Component\\Debug\\Exception\\FatalThrowableError(code: 0): syntax error, unexpected ')' at /mnt/c/xampp/htdocs/CryptoTrend_system/app/Console/Commands/TwitterAutomaticCounting.php:49)
[stacktrace]
#0 /mnt/c/xampp/htdocs/CryptoTrend_system/vendor/composer/ClassLoader.php(322): Composer\\Autoload\\includeFile('/mnt/c/xampp/ht...')
#1 [internal function]: Composer\\Autoload\\ClassLoader->loadClass('App\\\\Console\\\\Com...')
#2 [internal function]: spl_autoload_call('App\\\\Console\\\\Com...')
#3 /mnt/c/xampp/htdocs/CryptoTrend_system/vendor/laravel/framework/src/Illuminate/Foundation/Console/Kernel.php(241): is_subclass_of('App\\\\Console\\\\Com...', 'Illuminate\\\\Cons...')
#4 /mnt/c/xampp/htdocs/CryptoTrend_system/app/Console/Kernel.php(37): Illuminate\\Foundation\\Console\\Kernel->load(Array)
#5 /mnt/c/xampp/htdocs/CryptoTrend_system/vendor/laravel/framework/src/Illuminate/Foundation/Console/Kernel.php(328): App\\Console\\Kernel->commands()
#6 /mnt/c/xampp/htdocs/CryptoTrend_system/vendor/laravel/framework/src/Illuminate/Foundation/Console/Kernel.php(131): Illuminate\\Foundation\\Console\\Kernel->bootstrap()
#7 /mnt/c/xampp/htdocs/CryptoTrend_system/artisan(37): Illuminate\\Foundation\\Console\\Kernel->handle(Object(Symfony\\Component\\Console\\Input\\ArgvInput), Object(Symfony\\Component\\Console\\Output\\ConsoleOutput))
#8 {main}
"} 
[2020-04-09 21:35:52] local.ERROR: syntax error, unexpected ')' {"exception":"[object] (Symfony\\Component\\Debug\\Exception\\FatalThrowableError(code: 0): syntax error, unexpected ')' at /mnt/c/xampp/htdocs/CryptoTrend_system/app/Console/Commands/TwitterAutomaticCounting.php:49)
[stacktrace]
#0 /mnt/c/xampp/htdocs/CryptoTrend_system/vendor/composer/ClassLoader.php(322): Composer\\Autoload\\includeFile('/mnt/c/xampp/ht...')
#1 [internal function]: Composer\\Autoload\\ClassLoader->loadClass('App\\\\Console\\\\Com...')
#2 [internal function]: spl_autoload_call('App\\\\Console\\\\Com...')
#3 /mnt/c/xampp/htdocs/CryptoTrend_system/vendor/laravel/framework/src/Illuminate/Foundation/Console/Kernel.php(241): is_subclass_of('App\\\\Console\\\\Com...', 'Illuminate\\\\Cons...')
#4 /mnt/c/xampp/htdocs/CryptoTrend_system/app/Console/Kernel.php(37): Illuminate\\Foundation\\Console\\Kernel->load(Array)
#5 /mnt/c/xampp/htdocs/CryptoTrend_system/vendor/laravel/framework/src/Illuminate/Foundation/Console/Kernel.php(328): App\\Console\\Kernel->commands()
#6 /mnt/c/xampp/htdocs/CryptoTrend_system/vendor/laravel/framework/src/Illuminate/Foundation/Console/Kernel.php(131): Illuminate\\Foundation\\Console\\Kernel->bootstrap()
#7 /mnt/c/xampp/htdocs/CryptoTrend_system/artisan(37): Illuminate\\Foundation\\Console\\Kernel->handle(Object(Symfony\\Component\\Console\\Input\\ArgvInput), Object(Symfony\\Component\\Console\\Output\\ConsoleOutput))
#8 {main}
"} 
[2020-04-09 21:35:55] local.ERROR: syntax error, unexpected ')' {"exception":"[object] (Symfony\\Component\\Debug\\Exception\\FatalThrowableError(code: 0): syntax error, unexpected ')' at /mnt/c/xampp/htdocs/CryptoTrend_system/app/Console/Commands/TwitterAutomaticCounting.php:49)
[stacktrace]
#0 /mnt/c/xampp/htdocs/CryptoTrend_system/vendor/composer/ClassLoader.php(322): Composer\\Autoload\\includeFile('/mnt/c/xampp/ht...')
#1 [internal function]: Composer\\Autoload\\ClassLoader->loadClass('App\\\\Console\\\\Com...')
#2 [internal function]: spl_autoload_call('App\\\\Console\\\\Com...')
#3 /mnt/c/xampp/htdocs/CryptoTrend_system/vendor/laravel/framework/src/Illuminate/Foundation/Console/Kernel.php(241): is_subclass_of('App\\\\Console\\\\Com...', 'Illuminate\\\\Cons...')
#4 /mnt/c/xampp/htdocs/CryptoTrend_system/app/Console/Kernel.php(37): Illuminate\\Foundation\\Console\\Kernel->load(Array)
#5 /mnt/c/xampp/htdocs/CryptoTrend_system/vendor/laravel/framework/src/Illuminate/Foundation/Console/Kernel.php(328): App\\Console\\Kernel->commands()
#6 /mnt/c/xampp/htdocs/CryptoTrend_system/vendor/laravel/framework/src/Illuminate/Foundation/Console/Kernel.php(131): Illuminate\\Foundation\\Console\\Kernel->bootstrap()
#7 /mnt/c/xampp/htdocs/CryptoTrend_system/artisan(37): Illuminate\\Foundation\\Console\\Kernel->handle(Object(Symfony\\Component\\Console\\Input\\ArgvInput), Object(Symfony\\Component\\Console\\Output\\ConsoleOutput))
#8 {main}
"} 
[2020-04-09 21:39:41] local.ERROR: Use of undefined constant CURLOPT_CAINFO - assumed 'CURLOPT_CAINFO' (this will throw an Error in a future version of PHP) {"exception":"[object] (ErrorException(code: 0): Use of undefined constant CURLOPT_CAINFO - assumed 'CURLOPT_CAINFO' (this will throw an Error in a future version of PHP) at /mnt/c/xampp/htdocs/CryptoTrend_system/vendor/abraham/twitteroauth/src/TwitterOAuth.php:353)
[stacktrace]
#0 /mnt/c/xampp/htdocs/CryptoTrend_system/vendor/abraham/twitteroauth/src/TwitterOAuth.php(353): Illuminate\\Foundation\\Bootstrap\\HandleExceptions->handleError(2, 'Use of undefine...', '/mnt/c/xampp/ht...', 353, Array)
#1 /mnt/c/xampp/htdocs/CryptoTrend_system/vendor/abraham/twitteroauth/src/TwitterOAuth.php(334): Abraham\\TwitterOAuth\\TwitterOAuth->request('https://api.twi...', 'GET', 'Authorization: ...', Array)
#2 /mnt/c/xampp/htdocs/CryptoTrend_system/vendor/abraham/twitteroauth/src/TwitterOAuth.php(305): Abraham\\TwitterOAuth\\TwitterOAuth->oAuthRequest('https://api.twi...', 'GET', Array)
#3 /mnt/c/xampp/htdocs/CryptoTrend_system/vendor/abraham/twitteroauth/src/TwitterOAuth.php(179): Abraham\\TwitterOAuth\\TwitterOAuth->http('GET', 'https://api.twi...', 'search/tweets', Array)
#4 /mnt/c/xampp/htdocs/CryptoTrend_system/app/Console/Commands/TwitterAutomaticCounting.php(66): Abraham\\TwitterOAuth\\TwitterOAuth->get('search/tweets', Array)
#5 [internal function]: App\\Console\\Commands\\TwitterAutomaticCounting->handle()
#6 /mnt/c/xampp/htdocs/CryptoTrend_system/vendor/laravel/framework/src/Illuminate/Container/BoundMethod.php(32): call_user_func_array(Array, Array)
#7 /mnt/c/xampp/htdocs/CryptoTrend_system/vendor/laravel/framework/src/Illuminate/Container/BoundMethod.php(90): Illuminate\\Container\\BoundMethod::Illuminate\\Container\\{closure}()
#8 /mnt/c/xampp/htdocs/CryptoTrend_system/vendor/laravel/framework/src/Illuminate/Container/BoundMethod.php(34): Illuminate\\Container\\BoundMethod::callBoundMethod(Object(Illuminate\\Foundation\\Application), Array, Object(Closure))
#9 /mnt/c/xampp/htdocs/CryptoTrend_system/vendor/laravel/framework/src/Illuminate/Container/Container.php(576): Illuminate\\Container\\BoundMethod::call(Object(Illuminate\\Foundation\\Application), Array, Array, NULL)
#10 /mnt/c/xampp/htdocs/CryptoTrend_system/vendor/laravel/framework/src/Illuminate/Console/Command.php(183): Illuminate\\Container\\Container->call(Array)
#11 /mnt/c/xampp/htdocs/CryptoTrend_system/vendor/symfony/console/Command/Command.php(255): Illuminate\\Console\\Command->execute(Object(Symfony\\Component\\Console\\Input\\ArgvInput), Object(Illuminate\\Console\\OutputStyle))
#12 /mnt/c/xampp/htdocs/CryptoTrend_system/vendor/laravel/framework/src/Illuminate/Console/Command.php(170): Symfony\\Component\\Console\\Command\\Command->run(Object(Symfony\\Component\\Console\\Input\\ArgvInput), Object(Illuminate\\Console\\OutputStyle))
#13 /mnt/c/xampp/htdocs/CryptoTrend_system/vendor/symfony/console/Application.php(1001): Illuminate\\Console\\Command->run(Object(Symfony\\Component\\Console\\Input\\ArgvInput), Object(Symfony\\Component\\Console\\Output\\ConsoleOutput))
#14 /mnt/c/xampp/htdocs/CryptoTrend_system/vendor/symfony/console/Application.php(271): Symfony\\Component\\Console\\Application->doRunCommand(Object(App\\Console\\Commands\\TwitterAutomaticCounting), Object(Symfony\\Component\\Console\\Input\\ArgvInput), Object(Symfony\\Component\\Console\\Output\\ConsoleOutput))
#15 /mnt/c/xampp/htdocs/CryptoTrend_system/vendor/symfony/console/Application.php(147): Symfony\\Component\\Console\\Application->doRun(Object(Symfony\\Component\\Console\\Input\\ArgvInput), Object(Symfony\\Component\\Console\\Output\\ConsoleOutput))
#16 /mnt/c/xampp/htdocs/CryptoTrend_system/vendor/laravel/framework/src/Illuminate/Console/Application.php(90): Symfony\\Component\\Console\\Application->run(Object(Symfony\\Component\\Console\\Input\\ArgvInput), Object(Symfony\\Component\\Console\\Output\\ConsoleOutput))
#17 /mnt/c/xampp/htdocs/CryptoTrend_system/vendor/laravel/framework/src/Illuminate/Foundation/Console/Kernel.php(133): Illuminate\\Console\\Application->run(Object(Symfony\\Component\\Console\\Input\\ArgvInput), Object(Symfony\\Component\\Console\\Output\\ConsoleOutput))
#18 /mnt/c/xampp/htdocs/CryptoTrend_system/artisan(37): Illuminate\\Foundation\\Console\\Kernel->handle(Object(Symfony\\Component\\Console\\Input\\ArgvInput), Object(Symfony\\Component\\Console\\Output\\ConsoleOutput))
#19 {main}
"} 
[2020-04-09 21:46:08] local.ERROR: syntax error, unexpected ')' {"exception":"[object] (Symfony\\Component\\Debug\\Exception\\FatalThrowableError(code: 0): syntax error, unexpected ')' at /mnt/c/xampp/htdocs/CryptoTrend_system/app/Console/Commands/TwitterAutomaticCounting.php:49)
[stacktrace]
#0 /mnt/c/xampp/htdocs/CryptoTrend_system/vendor/composer/ClassLoader.php(322): Composer\\Autoload\\includeFile('/mnt/c/xampp/ht...')
#1 [internal function]: Composer\\Autoload\\ClassLoader->loadClass('App\\\\Console\\\\Com...')
#2 [internal function]: spl_autoload_call('App\\\\Console\\\\Com...')
#3 /mnt/c/xampp/htdocs/CryptoTrend_system/vendor/laravel/framework/src/Illuminate/Foundation/Console/Kernel.php(241): is_subclass_of('App\\\\Console\\\\Com...', 'Illuminate\\\\Cons...')
#4 /mnt/c/xampp/htdocs/CryptoTrend_system/app/Console/Kernel.php(37): Illuminate\\Foundation\\Console\\Kernel->load(Array)
#5 /mnt/c/xampp/htdocs/CryptoTrend_system/vendor/laravel/framework/src/Illuminate/Foundation/Console/Kernel.php(328): App\\Console\\Kernel->commands()
#6 /mnt/c/xampp/htdocs/CryptoTrend_system/vendor/laravel/framework/src/Illuminate/Foundation/Console/Kernel.php(131): Illuminate\\Foundation\\Console\\Kernel->bootstrap()
#7 /mnt/c/xampp/htdocs/CryptoTrend_system/artisan(37): Illuminate\\Foundation\\Console\\Kernel->handle(Object(Symfony\\Component\\Console\\Input\\ArgvInput), Object(Symfony\\Component\\Console\\Output\\ConsoleOutput))
#8 {main}
"} 
[2020-04-09 21:46:12] local.ERROR: syntax error, unexpected ')' {"exception":"[object] (Symfony\\Component\\Debug\\Exception\\FatalThrowableError(code: 0): syntax error, unexpected ')' at /mnt/c/xampp/htdocs/CryptoTrend_system/app/Console/Commands/TwitterAutomaticCounting.php:49)
[stacktrace]
#0 /mnt/c/xampp/htdocs/CryptoTrend_system/vendor/composer/ClassLoader.php(322): Composer\\Autoload\\includeFile('/mnt/c/xampp/ht...')
#1 [internal function]: Composer\\Autoload\\ClassLoader->loadClass('App\\\\Console\\\\Com...')
#2 [internal function]: spl_autoload_call('App\\\\Console\\\\Com...')
#3 /mnt/c/xampp/htdocs/CryptoTrend_system/vendor/laravel/framework/src/Illuminate/Foundation/Console/Kernel.php(241): is_subclass_of('App\\\\Console\\\\Com...', 'Illuminate\\\\Cons...')
#4 /mnt/c/xampp/htdocs/CryptoTrend_system/app/Console/Kernel.php(37): Illuminate\\Foundation\\Console\\Kernel->load(Array)
#5 /mnt/c/xampp/htdocs/CryptoTrend_system/vendor/laravel/framework/src/Illuminate/Foundation/Console/Kernel.php(328): App\\Console\\Kernel->commands()
#6 /mnt/c/xampp/htdocs/CryptoTrend_system/vendor/laravel/framework/src/Illuminate/Foundation/Console/Kernel.php(131): Illuminate\\Foundation\\Console\\Kernel->bootstrap()
#7 /mnt/c/xampp/htdocs/CryptoTrend_system/artisan(37): Illuminate\\Foundation\\Console\\Kernel->handle(Object(Symfony\\Component\\Console\\Input\\ArgvInput), Object(Symfony\\Component\\Console\\Output\\ConsoleOutput))
#8 {main}
"} 
[2020-04-09 21:46:26] local.ERROR: syntax error, unexpected ')' {"exception":"[object] (Symfony\\Component\\Debug\\Exception\\FatalThrowableError(code: 0): syntax error, unexpected ')' at /mnt/c/xampp/htdocs/CryptoTrend_system/app/Console/Commands/TwitterAutomaticCounting.php:49)
[stacktrace]
#0 /mnt/c/xampp/htdocs/CryptoTrend_system/vendor/composer/ClassLoader.php(322): Composer\\Autoload\\includeFile('/mnt/c/xampp/ht...')
#1 [internal function]: Composer\\Autoload\\ClassLoader->loadClass('App\\\\Console\\\\Com...')
#2 [internal function]: spl_autoload_call('App\\\\Console\\\\Com...')
#3 /mnt/c/xampp/htdocs/CryptoTrend_system/vendor/laravel/framework/src/Illuminate/Foundation/Console/Kernel.php(241): is_subclass_of('App\\\\Console\\\\Com...', 'Illuminate\\\\Cons...')
#4 /mnt/c/xampp/htdocs/CryptoTrend_system/app/Console/Kernel.php(37): Illuminate\\Foundation\\Console\\Kernel->load(Array)
#5 /mnt/c/xampp/htdocs/CryptoTrend_system/vendor/laravel/framework/src/Illuminate/Foundation/Console/Kernel.php(328): App\\Console\\Kernel->commands()
#6 /mnt/c/xampp/htdocs/CryptoTrend_system/vendor/laravel/framework/src/Illuminate/Foundation/Console/Kernel.php(131): Illuminate\\Foundation\\Console\\Kernel->bootstrap()
#7 /mnt/c/xampp/htdocs/CryptoTrend_system/artisan(37): Illuminate\\Foundation\\Console\\Kernel->handle(Object(Symfony\\Component\\Console\\Input\\ArgvInput), Object(Symfony\\Component\\Console\\Output\\ConsoleOutput))
#8 {main}
"} 
[2020-04-09 21:46:48] local.ERROR: Use of undefined constant CURLOPT_CAINFO - assumed 'CURLOPT_CAINFO' (this will throw an Error in a future version of PHP) {"exception":"[object] (ErrorException(code: 0): Use of undefined constant CURLOPT_CAINFO - assumed 'CURLOPT_CAINFO' (this will throw an Error in a future version of PHP) at /mnt/c/xampp/htdocs/CryptoTrend_system/vendor/abraham/twitteroauth/src/TwitterOAuth.php:353)
[stacktrace]
#0 /mnt/c/xampp/htdocs/CryptoTrend_system/vendor/abraham/twitteroauth/src/TwitterOAuth.php(353): Illuminate\\Foundation\\Bootstrap\\HandleExceptions->handleError(2, 'Use of undefine...', '/mnt/c/xampp/ht...', 353, Array)
#1 /mnt/c/xampp/htdocs/CryptoTrend_system/vendor/abraham/twitteroauth/src/TwitterOAuth.php(334): Abraham\\TwitterOAuth\\TwitterOAuth->request('https://api.twi...', 'GET', 'Authorization: ...', Array)
#2 /mnt/c/xampp/htdocs/CryptoTrend_system/vendor/abraham/twitteroauth/src/TwitterOAuth.php(305): Abraham\\TwitterOAuth\\TwitterOAuth->oAuthRequest('https://api.twi...', 'GET', Array)
#3 /mnt/c/xampp/htdocs/CryptoTrend_system/vendor/abraham/twitteroauth/src/TwitterOAuth.php(179): Abraham\\TwitterOAuth\\TwitterOAuth->http('GET', 'https://api.twi...', 'search/tweets', Array)
#4 /mnt/c/xampp/htdocs/CryptoTrend_system/app/Console/Commands/TwitterAutomaticCounting.php(66): Abraham\\TwitterOAuth\\TwitterOAuth->get('search/tweets', Array)
#5 [internal function]: App\\Console\\Commands\\TwitterAutomaticCounting->handle()
#6 /mnt/c/xampp/htdocs/CryptoTrend_system/vendor/laravel/framework/src/Illuminate/Container/BoundMethod.php(32): call_user_func_array(Array, Array)
#7 /mnt/c/xampp/htdocs/CryptoTrend_system/vendor/laravel/framework/src/Illuminate/Container/BoundMethod.php(90): Illuminate\\Container\\BoundMethod::Illuminate\\Container\\{closure}()
#8 /mnt/c/xampp/htdocs/CryptoTrend_system/vendor/laravel/framework/src/Illuminate/Container/BoundMethod.php(34): Illuminate\\Container\\BoundMethod::callBoundMethod(Object(Illuminate\\Foundation\\Application), Array, Object(Closure))
#9 /mnt/c/xampp/htdocs/CryptoTrend_system/vendor/laravel/framework/src/Illuminate/Container/Container.php(576): Illuminate\\Container\\BoundMethod::call(Object(Illuminate\\Foundation\\Application), Array, Array, NULL)
#10 /mnt/c/xampp/htdocs/CryptoTrend_system/vendor/laravel/framework/src/Illuminate/Console/Command.php(183): Illuminate\\Container\\Container->call(Array)
#11 /mnt/c/xampp/htdocs/CryptoTrend_system/vendor/symfony/console/Command/Command.php(255): Illuminate\\Console\\Command->execute(Object(Symfony\\Component\\Console\\Input\\ArgvInput), Object(Illuminate\\Console\\OutputStyle))
#12 /mnt/c/xampp/htdocs/CryptoTrend_system/vendor/laravel/framework/src/Illuminate/Console/Command.php(170): Symfony\\Component\\Console\\Command\\Command->run(Object(Symfony\\Component\\Console\\Input\\ArgvInput), Object(Illuminate\\Console\\OutputStyle))
#13 /mnt/c/xampp/htdocs/CryptoTrend_system/vendor/symfony/console/Application.php(1001): Illuminate\\Console\\Command->run(Object(Symfony\\Component\\Console\\Input\\ArgvInput), Object(Symfony\\Component\\Console\\Output\\ConsoleOutput))
#14 /mnt/c/xampp/htdocs/CryptoTrend_system/vendor/symfony/console/Application.php(271): Symfony\\Component\\Console\\Application->doRunCommand(Object(App\\Console\\Commands\\TwitterAutomaticCounting), Object(Symfony\\Component\\Console\\Input\\ArgvInput), Object(Symfony\\Component\\Console\\Output\\ConsoleOutput))
#15 /mnt/c/xampp/htdocs/CryptoTrend_system/vendor/symfony/console/Application.php(147): Symfony\\Component\\Console\\Application->doRun(Object(Symfony\\Component\\Console\\Input\\ArgvInput), Object(Symfony\\Component\\Console\\Output\\ConsoleOutput))
#16 /mnt/c/xampp/htdocs/CryptoTrend_system/vendor/laravel/framework/src/Illuminate/Console/Application.php(90): Symfony\\Component\\Console\\Application->run(Object(Symfony\\Component\\Console\\Input\\ArgvInput), Object(Symfony\\Component\\Console\\Output\\ConsoleOutput))
#17 /mnt/c/xampp/htdocs/CryptoTrend_system/vendor/laravel/framework/src/Illuminate/Foundation/Console/Kernel.php(133): Illuminate\\Console\\Application->run(Object(Symfony\\Component\\Console\\Input\\ArgvInput), Object(Symfony\\Component\\Console\\Output\\ConsoleOutput))
#18 /mnt/c/xampp/htdocs/CryptoTrend_system/artisan(37): Illuminate\\Foundation\\Console\\Kernel->handle(Object(Symfony\\Component\\Console\\Input\\ArgvInput), Object(Symfony\\Component\\Console\\Output\\ConsoleOutput))
#19 {main}
"} 
[2020-04-09 21:52:58] local.ERROR: syntax error, unexpected 'QY63dJ6Cfn1qFkhUHcJKtC6tiNPa3i' (T_STRING), expecting ',' or ')' {"exception":"[object] (Symfony\\Component\\Debug\\Exception\\FatalThrowableError(code: 0): syntax error, unexpected 'QY63dJ6Cfn1qFkhUHcJKtC6tiNPa3i' (T_STRING), expecting ',' or ')' at /mnt/c/xampp/htdocs/CryptoTrend_system/app/Console/Commands/TwitterAutomaticCounting.php:52)
[stacktrace]
#0 /mnt/c/xampp/htdocs/CryptoTrend_system/vendor/composer/ClassLoader.php(322): Composer\\Autoload\\includeFile('/mnt/c/xampp/ht...')
#1 [internal function]: Composer\\Autoload\\ClassLoader->loadClass('App\\\\Console\\\\Com...')
#2 [internal function]: spl_autoload_call('App\\\\Console\\\\Com...')
#3 /mnt/c/xampp/htdocs/CryptoTrend_system/vendor/laravel/framework/src/Illuminate/Foundation/Console/Kernel.php(241): is_subclass_of('App\\\\Console\\\\Com...', 'Illuminate\\\\Cons...')
#4 /mnt/c/xampp/htdocs/CryptoTrend_system/app/Console/Kernel.php(37): Illuminate\\Foundation\\Console\\Kernel->load(Array)
#5 /mnt/c/xampp/htdocs/CryptoTrend_system/vendor/laravel/framework/src/Illuminate/Foundation/Console/Kernel.php(328): App\\Console\\Kernel->commands()
#6 /mnt/c/xampp/htdocs/CryptoTrend_system/vendor/laravel/framework/src/Illuminate/Foundation/Console/Kernel.php(131): Illuminate\\Foundation\\Console\\Kernel->bootstrap()
#7 /mnt/c/xampp/htdocs/CryptoTrend_system/artisan(37): Illuminate\\Foundation\\Console\\Kernel->handle(Object(Symfony\\Component\\Console\\Input\\ArgvInput), Object(Symfony\\Component\\Console\\Output\\ConsoleOutput))
#8 {main}
"} 
[2020-04-09 21:53:13] local.ERROR: syntax error, unexpected 'QY63dJ6Cfn1qFkhUHcJKtC6tiNPa3i' (T_STRING), expecting ',' or ')' {"exception":"[object] (Symfony\\Component\\Debug\\Exception\\FatalThrowableError(code: 0): syntax error, unexpected 'QY63dJ6Cfn1qFkhUHcJKtC6tiNPa3i' (T_STRING), expecting ',' or ')' at /mnt/c/xampp/htdocs/CryptoTrend_system/app/Console/Commands/TwitterAutomaticCounting.php:52)
[stacktrace]
#0 /mnt/c/xampp/htdocs/CryptoTrend_system/vendor/composer/ClassLoader.php(322): Composer\\Autoload\\includeFile('/mnt/c/xampp/ht...')
#1 [internal function]: Composer\\Autoload\\ClassLoader->loadClass('App\\\\Console\\\\Com...')
#2 [internal function]: spl_autoload_call('App\\\\Console\\\\Com...')
#3 /mnt/c/xampp/htdocs/CryptoTrend_system/vendor/laravel/framework/src/Illuminate/Foundation/Console/Kernel.php(241): is_subclass_of('App\\\\Console\\\\Com...', 'Illuminate\\\\Cons...')
#4 /mnt/c/xampp/htdocs/CryptoTrend_system/app/Console/Kernel.php(37): Illuminate\\Foundation\\Console\\Kernel->load(Array)
#5 /mnt/c/xampp/htdocs/CryptoTrend_system/vendor/laravel/framework/src/Illuminate/Foundation/Console/Kernel.php(328): App\\Console\\Kernel->commands()
#6 /mnt/c/xampp/htdocs/CryptoTrend_system/vendor/laravel/framework/src/Illuminate/Foundation/Console/Kernel.php(131): Illuminate\\Foundation\\Console\\Kernel->bootstrap()
#7 /mnt/c/xampp/htdocs/CryptoTrend_system/artisan(37): Illuminate\\Foundation\\Console\\Kernel->handle(Object(Symfony\\Component\\Console\\Input\\ArgvInput), Object(Symfony\\Component\\Console\\Output\\ConsoleOutput))
#8 {main}
"} 
[2020-04-09 22:28:43] local.ERROR: Use of undefined constant CURLOPT_CAINFO - assumed 'CURLOPT_CAINFO' (this will throw an Error in a future version of PHP) {"exception":"[object] (ErrorException(code: 0): Use of undefined constant CURLOPT_CAINFO - assumed 'CURLOPT_CAINFO' (this will throw an Error in a future version of PHP) at /mnt/c/xampp/htdocs/CryptoTrend_system/vendor/abraham/twitteroauth/src/TwitterOAuth.php:353)
[stacktrace]
#0 /mnt/c/xampp/htdocs/CryptoTrend_system/vendor/abraham/twitteroauth/src/TwitterOAuth.php(353): Illuminate\\Foundation\\Bootstrap\\HandleExceptions->handleError(2, 'Use of undefine...', '/mnt/c/xampp/ht...', 353, Array)
#1 /mnt/c/xampp/htdocs/CryptoTrend_system/vendor/abraham/twitteroauth/src/TwitterOAuth.php(334): Abraham\\TwitterOAuth\\TwitterOAuth->request('https://api.twi...', 'GET', 'Authorization: ...', Array)
#2 /mnt/c/xampp/htdocs/CryptoTrend_system/vendor/abraham/twitteroauth/src/TwitterOAuth.php(305): Abraham\\TwitterOAuth\\TwitterOAuth->oAuthRequest('https://api.twi...', 'GET', Array)
#3 /mnt/c/xampp/htdocs/CryptoTrend_system/vendor/abraham/twitteroauth/src/TwitterOAuth.php(179): Abraham\\TwitterOAuth\\TwitterOAuth->http('GET', 'https://api.twi...', 'search/tweets', Array)
#4 /mnt/c/xampp/htdocs/CryptoTrend_system/app/Console/Commands/TwitterAutomaticCounting.php(66): Abraham\\TwitterOAuth\\TwitterOAuth->get('search/tweets', Array)
#5 [internal function]: App\\Console\\Commands\\TwitterAutomaticCounting->handle()
#6 /mnt/c/xampp/htdocs/CryptoTrend_system/vendor/laravel/framework/src/Illuminate/Container/BoundMethod.php(32): call_user_func_array(Array, Array)
#7 /mnt/c/xampp/htdocs/CryptoTrend_system/vendor/laravel/framework/src/Illuminate/Container/BoundMethod.php(90): Illuminate\\Container\\BoundMethod::Illuminate\\Container\\{closure}()
#8 /mnt/c/xampp/htdocs/CryptoTrend_system/vendor/laravel/framework/src/Illuminate/Container/BoundMethod.php(34): Illuminate\\Container\\BoundMethod::callBoundMethod(Object(Illuminate\\Foundation\\Application), Array, Object(Closure))
#9 /mnt/c/xampp/htdocs/CryptoTrend_system/vendor/laravel/framework/src/Illuminate/Container/Container.php(576): Illuminate\\Container\\BoundMethod::call(Object(Illuminate\\Foundation\\Application), Array, Array, NULL)
#10 /mnt/c/xampp/htdocs/CryptoTrend_system/vendor/laravel/framework/src/Illuminate/Console/Command.php(183): Illuminate\\Container\\Container->call(Array)
#11 /mnt/c/xampp/htdocs/CryptoTrend_system/vendor/symfony/console/Command/Command.php(255): Illuminate\\Console\\Command->execute(Object(Symfony\\Component\\Console\\Input\\ArgvInput), Object(Illuminate\\Console\\OutputStyle))
#12 /mnt/c/xampp/htdocs/CryptoTrend_system/vendor/laravel/framework/src/Illuminate/Console/Command.php(170): Symfony\\Component\\Console\\Command\\Command->run(Object(Symfony\\Component\\Console\\Input\\ArgvInput), Object(Illuminate\\Console\\OutputStyle))
#13 /mnt/c/xampp/htdocs/CryptoTrend_system/vendor/symfony/console/Application.php(1001): Illuminate\\Console\\Command->run(Object(Symfony\\Component\\Console\\Input\\ArgvInput), Object(Symfony\\Component\\Console\\Output\\ConsoleOutput))
#14 /mnt/c/xampp/htdocs/CryptoTrend_system/vendor/symfony/console/Application.php(271): Symfony\\Component\\Console\\Application->doRunCommand(Object(App\\Console\\Commands\\TwitterAutomaticCounting), Object(Symfony\\Component\\Console\\Input\\ArgvInput), Object(Symfony\\Component\\Console\\Output\\ConsoleOutput))
#15 /mnt/c/xampp/htdocs/CryptoTrend_system/vendor/symfony/console/Application.php(147): Symfony\\Component\\Console\\Application->doRun(Object(Symfony\\Component\\Console\\Input\\ArgvInput), Object(Symfony\\Component\\Console\\Output\\ConsoleOutput))
#16 /mnt/c/xampp/htdocs/CryptoTrend_system/vendor/laravel/framework/src/Illuminate/Console/Application.php(90): Symfony\\Component\\Console\\Application->run(Object(Symfony\\Component\\Console\\Input\\ArgvInput), Object(Symfony\\Component\\Console\\Output\\ConsoleOutput))
#17 /mnt/c/xampp/htdocs/CryptoTrend_system/vendor/laravel/framework/src/Illuminate/Foundation/Console/Kernel.php(133): Illuminate\\Console\\Application->run(Object(Symfony\\Component\\Console\\Input\\ArgvInput), Object(Symfony\\Component\\Console\\Output\\ConsoleOutput))
#18 /mnt/c/xampp/htdocs/CryptoTrend_system/artisan(37): Illuminate\\Foundation\\Console\\Kernel->handle(Object(Symfony\\Component\\Console\\Input\\ArgvInput), Object(Symfony\\Component\\Console\\Output\\ConsoleOutput))
#19 {main}
"} 
[2020-04-09 22:31:45] local.ERROR: Use of undefined constant CURLOPT_CAINFO - assumed 'CURLOPT_CAINFO' (this will throw an Error in a future version of PHP) {"exception":"[object] (ErrorException(code: 0): Use of undefined constant CURLOPT_CAINFO - assumed 'CURLOPT_CAINFO' (this will throw an Error in a future version of PHP) at /mnt/c/xampp/htdocs/CryptoTrend_system/vendor/abraham/twitteroauth/src/TwitterOAuth.php:353)
[stacktrace]
#0 /mnt/c/xampp/htdocs/CryptoTrend_system/vendor/abraham/twitteroauth/src/TwitterOAuth.php(353): Illuminate\\Foundation\\Bootstrap\\HandleExceptions->handleError(2, 'Use of undefine...', '/mnt/c/xampp/ht...', 353, Array)
#1 /mnt/c/xampp/htdocs/CryptoTrend_system/vendor/abraham/twitteroauth/src/TwitterOAuth.php(334): Abraham\\TwitterOAuth\\TwitterOAuth->request('https://api.twi...', 'GET', 'Authorization: ...', Array)
#2 /mnt/c/xampp/htdocs/CryptoTrend_system/vendor/abraham/twitteroauth/src/TwitterOAuth.php(305): Abraham\\TwitterOAuth\\TwitterOAuth->oAuthRequest('https://api.twi...', 'GET', Array)
#3 /mnt/c/xampp/htdocs/CryptoTrend_system/vendor/abraham/twitteroauth/src/TwitterOAuth.php(179): Abraham\\TwitterOAuth\\TwitterOAuth->http('GET', 'https://api.twi...', 'search/tweets', Array)
#4 /mnt/c/xampp/htdocs/CryptoTrend_system/app/Console/Commands/TwitterAutomaticCounting.php(66): Abraham\\TwitterOAuth\\TwitterOAuth->get('search/tweets', Array)
#5 [internal function]: App\\Console\\Commands\\TwitterAutomaticCounting->handle()
#6 /mnt/c/xampp/htdocs/CryptoTrend_system/vendor/laravel/framework/src/Illuminate/Container/BoundMethod.php(32): call_user_func_array(Array, Array)
#7 /mnt/c/xampp/htdocs/CryptoTrend_system/vendor/laravel/framework/src/Illuminate/Container/BoundMethod.php(90): Illuminate\\Container\\BoundMethod::Illuminate\\Container\\{closure}()
#8 /mnt/c/xampp/htdocs/CryptoTrend_system/vendor/laravel/framework/src/Illuminate/Container/BoundMethod.php(34): Illuminate\\Container\\BoundMethod::callBoundMethod(Object(Illuminate\\Foundation\\Application), Array, Object(Closure))
#9 /mnt/c/xampp/htdocs/CryptoTrend_system/vendor/laravel/framework/src/Illuminate/Container/Container.php(576): Illuminate\\Container\\BoundMethod::call(Object(Illuminate\\Foundation\\Application), Array, Array, NULL)
#10 /mnt/c/xampp/htdocs/CryptoTrend_system/vendor/laravel/framework/src/Illuminate/Console/Command.php(183): Illuminate\\Container\\Container->call(Array)
#11 /mnt/c/xampp/htdocs/CryptoTrend_system/vendor/symfony/console/Command/Command.php(255): Illuminate\\Console\\Command->execute(Object(Symfony\\Component\\Console\\Input\\ArgvInput), Object(Illuminate\\Console\\OutputStyle))
#12 /mnt/c/xampp/htdocs/CryptoTrend_system/vendor/laravel/framework/src/Illuminate/Console/Command.php(170): Symfony\\Component\\Console\\Command\\Command->run(Object(Symfony\\Component\\Console\\Input\\ArgvInput), Object(Illuminate\\Console\\OutputStyle))
#13 /mnt/c/xampp/htdocs/CryptoTrend_system/vendor/symfony/console/Application.php(1001): Illuminate\\Console\\Command->run(Object(Symfony\\Component\\Console\\Input\\ArgvInput), Object(Symfony\\Component\\Console\\Output\\ConsoleOutput))
#14 /mnt/c/xampp/htdocs/CryptoTrend_system/vendor/symfony/console/Application.php(271): Symfony\\Component\\Console\\Application->doRunCommand(Object(App\\Console\\Commands\\TwitterAutomaticCounting), Object(Symfony\\Component\\Console\\Input\\ArgvInput), Object(Symfony\\Component\\Console\\Output\\ConsoleOutput))
#15 /mnt/c/xampp/htdocs/CryptoTrend_system/vendor/symfony/console/Application.php(147): Symfony\\Component\\Console\\Application->doRun(Object(Symfony\\Component\\Console\\Input\\ArgvInput), Object(Symfony\\Component\\Console\\Output\\ConsoleOutput))
#16 /mnt/c/xampp/htdocs/CryptoTrend_system/vendor/laravel/framework/src/Illuminate/Console/Application.php(90): Symfony\\Component\\Console\\Application->run(Object(Symfony\\Component\\Console\\Input\\ArgvInput), Object(Symfony\\Component\\Console\\Output\\ConsoleOutput))
#17 /mnt/c/xampp/htdocs/CryptoTrend_system/vendor/laravel/framework/src/Illuminate/Foundation/Console/Kernel.php(133): Illuminate\\Console\\Application->run(Object(Symfony\\Component\\Console\\Input\\ArgvInput), Object(Symfony\\Component\\Console\\Output\\ConsoleOutput))
#18 /mnt/c/xampp/htdocs/CryptoTrend_system/artisan(37): Illuminate\\Foundation\\Console\\Kernel->handle(Object(Symfony\\Component\\Console\\Input\\ArgvInput), Object(Symfony\\Component\\Console\\Output\\ConsoleOutput))
#19 {main}
"} 
[2020-04-09 22:34:07] local.ERROR: Use of undefined constant CURLOPT_CAINFO - assumed 'CURLOPT_CAINFO' (this will throw an Error in a future version of PHP) {"exception":"[object] (ErrorException(code: 0): Use of undefined constant CURLOPT_CAINFO - assumed 'CURLOPT_CAINFO' (this will throw an Error in a future version of PHP) at /mnt/c/xampp/htdocs/CryptoTrend_system/vendor/abraham/twitteroauth/src/TwitterOAuth.php:353)
[stacktrace]
#0 /mnt/c/xampp/htdocs/CryptoTrend_system/vendor/abraham/twitteroauth/src/TwitterOAuth.php(353): Illuminate\\Foundation\\Bootstrap\\HandleExceptions->handleError(2, 'Use of undefine...', '/mnt/c/xampp/ht...', 353, Array)
#1 /mnt/c/xampp/htdocs/CryptoTrend_system/vendor/abraham/twitteroauth/src/TwitterOAuth.php(334): Abraham\\TwitterOAuth\\TwitterOAuth->request('https://api.twi...', 'GET', 'Authorization: ...', Array)
#2 /mnt/c/xampp/htdocs/CryptoTrend_system/vendor/abraham/twitteroauth/src/TwitterOAuth.php(305): Abraham\\TwitterOAuth\\TwitterOAuth->oAuthRequest('https://api.twi...', 'GET', Array)
#3 /mnt/c/xampp/htdocs/CryptoTrend_system/vendor/abraham/twitteroauth/src/TwitterOAuth.php(179): Abraham\\TwitterOAuth\\TwitterOAuth->http('GET', 'https://api.twi...', 'search/tweets', Array)
#4 /mnt/c/xampp/htdocs/CryptoTrend_system/app/Console/Commands/TwitterAutomaticCounting.php(66): Abraham\\TwitterOAuth\\TwitterOAuth->get('search/tweets', Array)
#5 [internal function]: App\\Console\\Commands\\TwitterAutomaticCounting->handle()
#6 /mnt/c/xampp/htdocs/CryptoTrend_system/vendor/laravel/framework/src/Illuminate/Container/BoundMethod.php(32): call_user_func_array(Array, Array)
#7 /mnt/c/xampp/htdocs/CryptoTrend_system/vendor/laravel/framework/src/Illuminate/Container/BoundMethod.php(90): Illuminate\\Container\\BoundMethod::Illuminate\\Container\\{closure}()
#8 /mnt/c/xampp/htdocs/CryptoTrend_system/vendor/laravel/framework/src/Illuminate/Container/BoundMethod.php(34): Illuminate\\Container\\BoundMethod::callBoundMethod(Object(Illuminate\\Foundation\\Application), Array, Object(Closure))
#9 /mnt/c/xampp/htdocs/CryptoTrend_system/vendor/laravel/framework/src/Illuminate/Container/Container.php(576): Illuminate\\Container\\BoundMethod::call(Object(Illuminate\\Foundation\\Application), Array, Array, NULL)
#10 /mnt/c/xampp/htdocs/CryptoTrend_system/vendor/laravel/framework/src/Illuminate/Console/Command.php(183): Illuminate\\Container\\Container->call(Array)
#11 /mnt/c/xampp/htdocs/CryptoTrend_system/vendor/symfony/console/Command/Command.php(255): Illuminate\\Console\\Command->execute(Object(Symfony\\Component\\Console\\Input\\ArgvInput), Object(Illuminate\\Console\\OutputStyle))
#12 /mnt/c/xampp/htdocs/CryptoTrend_system/vendor/laravel/framework/src/Illuminate/Console/Command.php(170): Symfony\\Component\\Console\\Command\\Command->run(Object(Symfony\\Component\\Console\\Input\\ArgvInput), Object(Illuminate\\Console\\OutputStyle))
#13 /mnt/c/xampp/htdocs/CryptoTrend_system/vendor/symfony/console/Application.php(1001): Illuminate\\Console\\Command->run(Object(Symfony\\Component\\Console\\Input\\ArgvInput), Object(Symfony\\Component\\Console\\Output\\ConsoleOutput))
#14 /mnt/c/xampp/htdocs/CryptoTrend_system/vendor/symfony/console/Application.php(271): Symfony\\Component\\Console\\Application->doRunCommand(Object(App\\Console\\Commands\\TwitterAutomaticCounting), Object(Symfony\\Component\\Console\\Input\\ArgvInput), Object(Symfony\\Component\\Console\\Output\\ConsoleOutput))
#15 /mnt/c/xampp/htdocs/CryptoTrend_system/vendor/symfony/console/Application.php(147): Symfony\\Component\\Console\\Application->doRun(Object(Symfony\\Component\\Console\\Input\\ArgvInput), Object(Symfony\\Component\\Console\\Output\\ConsoleOutput))
#16 /mnt/c/xampp/htdocs/CryptoTrend_system/vendor/laravel/framework/src/Illuminate/Console/Application.php(90): Symfony\\Component\\Console\\Application->run(Object(Symfony\\Component\\Console\\Input\\ArgvInput), Object(Symfony\\Component\\Console\\Output\\ConsoleOutput))
#17 /mnt/c/xampp/htdocs/CryptoTrend_system/vendor/laravel/framework/src/Illuminate/Foundation/Console/Kernel.php(133): Illuminate\\Console\\Application->run(Object(Symfony\\Component\\Console\\Input\\ArgvInput), Object(Symfony\\Component\\Console\\Output\\ConsoleOutput))
#18 /mnt/c/xampp/htdocs/CryptoTrend_system/artisan(37): Illuminate\\Foundation\\Console\\Kernel->handle(Object(Symfony\\Component\\Console\\Input\\ArgvInput), Object(Symfony\\Component\\Console\\Output\\ConsoleOutput))
#19 {main}
"} 
[2020-04-09 23:38:50] local.ERROR: syntax error, unexpected ')' {"exception":"[object] (Symfony\\Component\\Debug\\Exception\\FatalThrowableError(code: 0): syntax error, unexpected ')' at /mnt/c/xampp/htdocs/CryptoTrend_system/app/Console/Commands/GetTwitterAccount.php:50)
[stacktrace]
#0 /mnt/c/xampp/htdocs/CryptoTrend_system/vendor/composer/ClassLoader.php(322): Composer\\Autoload\\includeFile('/mnt/c/xampp/ht...')
#1 [internal function]: Composer\\Autoload\\ClassLoader->loadClass('App\\\\Console\\\\Com...')
#2 [internal function]: spl_autoload_call('App\\\\Console\\\\Com...')
#3 /mnt/c/xampp/htdocs/CryptoTrend_system/vendor/laravel/framework/src/Illuminate/Foundation/Console/Kernel.php(241): is_subclass_of('App\\\\Console\\\\Com...', 'Illuminate\\\\Cons...')
#4 /mnt/c/xampp/htdocs/CryptoTrend_system/app/Console/Kernel.php(41): Illuminate\\Foundation\\Console\\Kernel->load(Array)
#5 /mnt/c/xampp/htdocs/CryptoTrend_system/vendor/laravel/framework/src/Illuminate/Foundation/Console/Kernel.php(328): App\\Console\\Kernel->commands()
#6 /mnt/c/xampp/htdocs/CryptoTrend_system/vendor/laravel/framework/src/Illuminate/Foundation/Console/Kernel.php(131): Illuminate\\Foundation\\Console\\Kernel->bootstrap()
#7 /mnt/c/xampp/htdocs/CryptoTrend_system/artisan(37): Illuminate\\Foundation\\Console\\Kernel->handle(Object(Symfony\\Component\\Console\\Input\\ArgvInput), Object(Symfony\\Component\\Console\\Output\\ConsoleOutput))
#8 {main}
"} 
[2020-04-09 23:39:45] local.ERROR: syntax error, unexpected ')' {"exception":"[object] (Symfony\\Component\\Debug\\Exception\\FatalThrowableError(code: 0): syntax error, unexpected ')' at /mnt/c/xampp/htdocs/CryptoTrend_system/app/Console/Commands/GetTwitterAccount.php:50)
[stacktrace]
#0 /mnt/c/xampp/htdocs/CryptoTrend_system/vendor/composer/ClassLoader.php(322): Composer\\Autoload\\includeFile('/mnt/c/xampp/ht...')
#1 [internal function]: Composer\\Autoload\\ClassLoader->loadClass('App\\\\Console\\\\Com...')
#2 [internal function]: spl_autoload_call('App\\\\Console\\\\Com...')
#3 /mnt/c/xampp/htdocs/CryptoTrend_system/vendor/laravel/framework/src/Illuminate/Foundation/Console/Kernel.php(241): is_subclass_of('App\\\\Console\\\\Com...', 'Illuminate\\\\Cons...')
#4 /mnt/c/xampp/htdocs/CryptoTrend_system/app/Console/Kernel.php(41): Illuminate\\Foundation\\Console\\Kernel->load(Array)
#5 /mnt/c/xampp/htdocs/CryptoTrend_system/vendor/laravel/framework/src/Illuminate/Foundation/Console/Kernel.php(328): App\\Console\\Kernel->commands()
#6 /mnt/c/xampp/htdocs/CryptoTrend_system/vendor/laravel/framework/src/Illuminate/Foundation/Console/Kernel.php(131): Illuminate\\Foundation\\Console\\Kernel->bootstrap()
#7 /mnt/c/xampp/htdocs/CryptoTrend_system/artisan(37): Illuminate\\Foundation\\Console\\Kernel->handle(Object(Symfony\\Component\\Console\\Input\\ArgvInput), Object(Symfony\\Component\\Console\\Output\\ConsoleOutput))
#8 {main}
"} 
[2020-04-09 23:40:19] local.ERROR: syntax error, unexpected ')' {"exception":"[object] (Symfony\\Component\\Debug\\Exception\\FatalThrowableError(code: 0): syntax error, unexpected ')' at /mnt/c/xampp/htdocs/CryptoTrend_system/app/Console/Commands/GetTwitterAccount.php:50)
[stacktrace]
#0 /mnt/c/xampp/htdocs/CryptoTrend_system/vendor/composer/ClassLoader.php(322): Composer\\Autoload\\includeFile('/mnt/c/xampp/ht...')
#1 [internal function]: Composer\\Autoload\\ClassLoader->loadClass('App\\\\Console\\\\Com...')
#2 [internal function]: spl_autoload_call('App\\\\Console\\\\Com...')
#3 /mnt/c/xampp/htdocs/CryptoTrend_system/vendor/laravel/framework/src/Illuminate/Foundation/Console/Kernel.php(241): is_subclass_of('App\\\\Console\\\\Com...', 'Illuminate\\\\Cons...')
#4 /mnt/c/xampp/htdocs/CryptoTrend_system/app/Console/Kernel.php(41): Illuminate\\Foundation\\Console\\Kernel->load(Array)
#5 /mnt/c/xampp/htdocs/CryptoTrend_system/vendor/laravel/framework/src/Illuminate/Foundation/Console/Kernel.php(328): App\\Console\\Kernel->commands()
#6 /mnt/c/xampp/htdocs/CryptoTrend_system/vendor/laravel/framework/src/Illuminate/Foundation/Console/Kernel.php(131): Illuminate\\Foundation\\Console\\Kernel->bootstrap()
#7 /mnt/c/xampp/htdocs/CryptoTrend_system/artisan(37): Illuminate\\Foundation\\Console\\Kernel->handle(Object(Symfony\\Component\\Console\\Input\\ArgvInput), Object(Symfony\\Component\\Console\\Output\\ConsoleOutput))
#8 {main}
"} 
[2020-04-09 23:40:22] local.ERROR: syntax error, unexpected ')' {"exception":"[object] (Symfony\\Component\\Debug\\Exception\\FatalThrowableError(code: 0): syntax error, unexpected ')' at /mnt/c/xampp/htdocs/CryptoTrend_system/app/Console/Commands/GetTwitterAccount.php:50)
[stacktrace]
#0 /mnt/c/xampp/htdocs/CryptoTrend_system/vendor/composer/ClassLoader.php(322): Composer\\Autoload\\includeFile('/mnt/c/xampp/ht...')
#1 [internal function]: Composer\\Autoload\\ClassLoader->loadClass('App\\\\Console\\\\Com...')
#2 [internal function]: spl_autoload_call('App\\\\Console\\\\Com...')
#3 /mnt/c/xampp/htdocs/CryptoTrend_system/vendor/laravel/framework/src/Illuminate/Foundation/Console/Kernel.php(241): is_subclass_of('App\\\\Console\\\\Com...', 'Illuminate\\\\Cons...')
#4 /mnt/c/xampp/htdocs/CryptoTrend_system/app/Console/Kernel.php(41): Illuminate\\Foundation\\Console\\Kernel->load(Array)
#5 /mnt/c/xampp/htdocs/CryptoTrend_system/vendor/laravel/framework/src/Illuminate/Foundation/Console/Kernel.php(328): App\\Console\\Kernel->commands()
#6 /mnt/c/xampp/htdocs/CryptoTrend_system/vendor/laravel/framework/src/Illuminate/Foundation/Console/Kernel.php(131): Illuminate\\Foundation\\Console\\Kernel->bootstrap()
#7 /mnt/c/xampp/htdocs/CryptoTrend_system/artisan(37): Illuminate\\Foundation\\Console\\Kernel->handle(Object(Symfony\\Component\\Console\\Input\\ArgvInput), Object(Symfony\\Component\\Console\\Output\\ConsoleOutput))
#8 {main}
"} 
[2020-04-09 23:40:51] local.ERROR: Use of undefined constant CURLOPT_CAINFO - assumed 'CURLOPT_CAINFO' (this will throw an Error in a future version of PHP) {"exception":"[object] (ErrorException(code: 0): Use of undefined constant CURLOPT_CAINFO - assumed 'CURLOPT_CAINFO' (this will throw an Error in a future version of PHP) at /mnt/c/xampp/htdocs/CryptoTrend_system/vendor/abraham/twitteroauth/src/TwitterOAuth.php:353)
[stacktrace]
#0 /mnt/c/xampp/htdocs/CryptoTrend_system/vendor/abraham/twitteroauth/src/TwitterOAuth.php(353): Illuminate\\Foundation\\Bootstrap\\HandleExceptions->handleError(2, 'Use of undefine...', '/mnt/c/xampp/ht...', 353, Array)
#1 /mnt/c/xampp/htdocs/CryptoTrend_system/vendor/abraham/twitteroauth/src/TwitterOAuth.php(334): Abraham\\TwitterOAuth\\TwitterOAuth->request('https://api.twi...', 'GET', 'Authorization: ...', Array)
#2 /mnt/c/xampp/htdocs/CryptoTrend_system/vendor/abraham/twitteroauth/src/TwitterOAuth.php(305): Abraham\\TwitterOAuth\\TwitterOAuth->oAuthRequest('https://api.twi...', 'GET', Array)
#3 /mnt/c/xampp/htdocs/CryptoTrend_system/vendor/abraham/twitteroauth/src/TwitterOAuth.php(179): Abraham\\TwitterOAuth\\TwitterOAuth->http('GET', 'https://api.twi...', 'search/tweets', Array)
#4 /mnt/c/xampp/htdocs/CryptoTrend_system/app/Console/Commands/GetCryptoComment.php(66): Abraham\\TwitterOAuth\\TwitterOAuth->get('search/tweets', Array)
#5 [internal function]: App\\Console\\Commands\\GetCryptoComment->handle()
#6 /mnt/c/xampp/htdocs/CryptoTrend_system/vendor/laravel/framework/src/Illuminate/Container/BoundMethod.php(32): call_user_func_array(Array, Array)
#7 /mnt/c/xampp/htdocs/CryptoTrend_system/vendor/laravel/framework/src/Illuminate/Container/BoundMethod.php(90): Illuminate\\Container\\BoundMethod::Illuminate\\Container\\{closure}()
#8 /mnt/c/xampp/htdocs/CryptoTrend_system/vendor/laravel/framework/src/Illuminate/Container/BoundMethod.php(34): Illuminate\\Container\\BoundMethod::callBoundMethod(Object(Illuminate\\Foundation\\Application), Array, Object(Closure))
#9 /mnt/c/xampp/htdocs/CryptoTrend_system/vendor/laravel/framework/src/Illuminate/Container/Container.php(576): Illuminate\\Container\\BoundMethod::call(Object(Illuminate\\Foundation\\Application), Array, Array, NULL)
#10 /mnt/c/xampp/htdocs/CryptoTrend_system/vendor/laravel/framework/src/Illuminate/Console/Command.php(183): Illuminate\\Container\\Container->call(Array)
#11 /mnt/c/xampp/htdocs/CryptoTrend_system/vendor/symfony/console/Command/Command.php(255): Illuminate\\Console\\Command->execute(Object(Symfony\\Component\\Console\\Input\\ArgvInput), Object(Illuminate\\Console\\OutputStyle))
#12 /mnt/c/xampp/htdocs/CryptoTrend_system/vendor/laravel/framework/src/Illuminate/Console/Command.php(170): Symfony\\Component\\Console\\Command\\Command->run(Object(Symfony\\Component\\Console\\Input\\ArgvInput), Object(Illuminate\\Console\\OutputStyle))
#13 /mnt/c/xampp/htdocs/CryptoTrend_system/vendor/symfony/console/Application.php(1001): Illuminate\\Console\\Command->run(Object(Symfony\\Component\\Console\\Input\\ArgvInput), Object(Symfony\\Component\\Console\\Output\\ConsoleOutput))
#14 /mnt/c/xampp/htdocs/CryptoTrend_system/vendor/symfony/console/Application.php(271): Symfony\\Component\\Console\\Application->doRunCommand(Object(App\\Console\\Commands\\GetCryptoComment), Object(Symfony\\Component\\Console\\Input\\ArgvInput), Object(Symfony\\Component\\Console\\Output\\ConsoleOutput))
#15 /mnt/c/xampp/htdocs/CryptoTrend_system/vendor/symfony/console/Application.php(147): Symfony\\Component\\Console\\Application->doRun(Object(Symfony\\Component\\Console\\Input\\ArgvInput), Object(Symfony\\Component\\Console\\Output\\ConsoleOutput))
#16 /mnt/c/xampp/htdocs/CryptoTrend_system/vendor/laravel/framework/src/Illuminate/Console/Application.php(90): Symfony\\Component\\Console\\Application->run(Object(Symfony\\Component\\Console\\Input\\ArgvInput), Object(Symfony\\Component\\Console\\Output\\ConsoleOutput))
#17 /mnt/c/xampp/htdocs/CryptoTrend_system/vendor/laravel/framework/src/Illuminate/Foundation/Console/Kernel.php(133): Illuminate\\Console\\Application->run(Object(Symfony\\Component\\Console\\Input\\ArgvInput), Object(Symfony\\Component\\Console\\Output\\ConsoleOutput))
#18 /mnt/c/xampp/htdocs/CryptoTrend_system/artisan(37): Illuminate\\Foundation\\Console\\Kernel->handle(Object(Symfony\\Component\\Console\\Input\\ArgvInput), Object(Symfony\\Component\\Console\\Output\\ConsoleOutput))
#19 {main}
"} 
[2020-04-09 23:41:16] local.ERROR: Use of undefined constant CURLOPT_CAINFO - assumed 'CURLOPT_CAINFO' (this will throw an Error in a future version of PHP) {"exception":"[object] (ErrorException(code: 0): Use of undefined constant CURLOPT_CAINFO - assumed 'CURLOPT_CAINFO' (this will throw an Error in a future version of PHP) at /mnt/c/xampp/htdocs/CryptoTrend_system/vendor/abraham/twitteroauth/src/TwitterOAuth.php:353)
[stacktrace]
#0 /mnt/c/xampp/htdocs/CryptoTrend_system/vendor/abraham/twitteroauth/src/TwitterOAuth.php(353): Illuminate\\Foundation\\Bootstrap\\HandleExceptions->handleError(2, 'Use of undefine...', '/mnt/c/xampp/ht...', 353, Array)
#1 /mnt/c/xampp/htdocs/CryptoTrend_system/vendor/abraham/twitteroauth/src/TwitterOAuth.php(334): Abraham\\TwitterOAuth\\TwitterOAuth->request('https://api.twi...', 'GET', 'Authorization: ...', Array)
#2 /mnt/c/xampp/htdocs/CryptoTrend_system/vendor/abraham/twitteroauth/src/TwitterOAuth.php(305): Abraham\\TwitterOAuth\\TwitterOAuth->oAuthRequest('https://api.twi...', 'GET', Array)
#3 /mnt/c/xampp/htdocs/CryptoTrend_system/vendor/abraham/twitteroauth/src/TwitterOAuth.php(179): Abraham\\TwitterOAuth\\TwitterOAuth->http('GET', 'https://api.twi...', 'users/search', Array)
#4 /mnt/c/xampp/htdocs/CryptoTrend_system/app/Console/Commands/GetTwitterAccount.php(61): Abraham\\TwitterOAuth\\TwitterOAuth->get('users/search', Array)
#5 [internal function]: App\\Console\\Commands\\GetTwitterAccount->handle()
#6 /mnt/c/xampp/htdocs/CryptoTrend_system/vendor/laravel/framework/src/Illuminate/Container/BoundMethod.php(32): call_user_func_array(Array, Array)
#7 /mnt/c/xampp/htdocs/CryptoTrend_system/vendor/laravel/framework/src/Illuminate/Container/BoundMethod.php(90): Illuminate\\Container\\BoundMethod::Illuminate\\Container\\{closure}()
#8 /mnt/c/xampp/htdocs/CryptoTrend_system/vendor/laravel/framework/src/Illuminate/Container/BoundMethod.php(34): Illuminate\\Container\\BoundMethod::callBoundMethod(Object(Illuminate\\Foundation\\Application), Array, Object(Closure))
#9 /mnt/c/xampp/htdocs/CryptoTrend_system/vendor/laravel/framework/src/Illuminate/Container/Container.php(576): Illuminate\\Container\\BoundMethod::call(Object(Illuminate\\Foundation\\Application), Array, Array, NULL)
#10 /mnt/c/xampp/htdocs/CryptoTrend_system/vendor/laravel/framework/src/Illuminate/Console/Command.php(183): Illuminate\\Container\\Container->call(Array)
#11 /mnt/c/xampp/htdocs/CryptoTrend_system/vendor/symfony/console/Command/Command.php(255): Illuminate\\Console\\Command->execute(Object(Symfony\\Component\\Console\\Input\\ArgvInput), Object(Illuminate\\Console\\OutputStyle))
#12 /mnt/c/xampp/htdocs/CryptoTrend_system/vendor/laravel/framework/src/Illuminate/Console/Command.php(170): Symfony\\Component\\Console\\Command\\Command->run(Object(Symfony\\Component\\Console\\Input\\ArgvInput), Object(Illuminate\\Console\\OutputStyle))
#13 /mnt/c/xampp/htdocs/CryptoTrend_system/vendor/symfony/console/Application.php(1001): Illuminate\\Console\\Command->run(Object(Symfony\\Component\\Console\\Input\\ArgvInput), Object(Symfony\\Component\\Console\\Output\\ConsoleOutput))
#14 /mnt/c/xampp/htdocs/CryptoTrend_system/vendor/symfony/console/Application.php(271): Symfony\\Component\\Console\\Application->doRunCommand(Object(App\\Console\\Commands\\GetTwitterAccount), Object(Symfony\\Component\\Console\\Input\\ArgvInput), Object(Symfony\\Component\\Console\\Output\\ConsoleOutput))
#15 /mnt/c/xampp/htdocs/CryptoTrend_system/vendor/symfony/console/Application.php(147): Symfony\\Component\\Console\\Application->doRun(Object(Symfony\\Component\\Console\\Input\\ArgvInput), Object(Symfony\\Component\\Console\\Output\\ConsoleOutput))
#16 /mnt/c/xampp/htdocs/CryptoTrend_system/vendor/laravel/framework/src/Illuminate/Console/Application.php(90): Symfony\\Component\\Console\\Application->run(Object(Symfony\\Component\\Console\\Input\\ArgvInput), Object(Symfony\\Component\\Console\\Output\\ConsoleOutput))
#17 /mnt/c/xampp/htdocs/CryptoTrend_system/vendor/laravel/framework/src/Illuminate/Foundation/Console/Kernel.php(133): Illuminate\\Console\\Application->run(Object(Symfony\\Component\\Console\\Input\\ArgvInput), Object(Symfony\\Component\\Console\\Output\\ConsoleOutput))
#18 /mnt/c/xampp/htdocs/CryptoTrend_system/artisan(37): Illuminate\\Foundation\\Console\\Kernel->handle(Object(Symfony\\Component\\Console\\Input\\ArgvInput), Object(Symfony\\Component\\Console\\Output\\ConsoleOutput))
#19 {main}
"} 
