[2020-04-04 21:25:14] local.ERROR: syntax error, unexpected ')' {"exception":"[object] (Symfony\\Component\\Debug\\Exception\\FatalThrowableError(code: 0): syntax error, unexpected ')' at /mnt/c/xampp/htdocs/CryptoTrend_system/app/Console/Commands/TwitterAutomaticCounting.php:49)
[stacktrace]
#0 /mnt/c/xampp/htdocs/CryptoTrend_system/vendor/composer/ClassLoader.php(322): Composer\\Autoload\\includeFile('/mnt/c/xampp/ht...')
#1 [internal function]: Composer\\Autoload\\ClassLoader->loadClass('App\\\\Console\\\\Com...')
#2 [internal function]: spl_autoload_call('App\\\\Console\\\\Com...')
#3 /mnt/c/xampp/htdocs/CryptoTrend_system/vendor/laravel/framework/src/Illuminate/Foundation/Console/Kernel.php(241): is_subclass_of('App\\\\Console\\\\Com...', 'Illuminate\\\\Cons...')
#4 /mnt/c/xampp/htdocs/CryptoTrend_system/app/Console/Kernel.php(37): Illuminate\\Foundation\\Console\\Kernel->load(Array)
#5 /mnt/c/xampp/htdocs/CryptoTrend_system/vendor/laravel/framework/src/Illuminate/Foundation/Console/Kernel.php(328): App\\Console\\Kernel->commands()
#6 /mnt/c/xampp/htdocs/CryptoTrend_system/vendor/laravel/framework/src/Illuminate/Foundation/Console/Kernel.php(131): Illuminate\\Foundation\\Console\\Kernel->bootstrap()
#7 /mnt/c/xampp/htdocs/CryptoTrend_system/artisan(37): Illuminate\\Foundation\\Console\\Kernel->handle(Object(Symfony\\Component\\Console\\Input\\ArgvInput), Object(Symfony\\Component\\Console\\Output\\ConsoleOutput))
#8 {main}
"} 
[2020-04-04 21:25:25] local.ERROR: syntax error, unexpected ')' {"exception":"[object] (Symfony\\Component\\Debug\\Exception\\FatalThrowableError(code: 0): syntax error, unexpected ')' at /mnt/c/xampp/htdocs/CryptoTrend_system/app/Console/Commands/TwitterAutomaticCounting.php:49)
[stacktrace]
#0 /mnt/c/xampp/htdocs/CryptoTrend_system/vendor/composer/ClassLoader.php(322): Composer\\Autoload\\includeFile('/mnt/c/xampp/ht...')
#1 [internal function]: Composer\\Autoload\\ClassLoader->loadClass('App\\\\Console\\\\Com...')
#2 [internal function]: spl_autoload_call('App\\\\Console\\\\Com...')
#3 /mnt/c/xampp/htdocs/CryptoTrend_system/vendor/laravel/framework/src/Illuminate/Foundation/Console/Kernel.php(241): is_subclass_of('App\\\\Console\\\\Com...', 'Illuminate\\\\Cons...')
#4 /mnt/c/xampp/htdocs/CryptoTrend_system/app/Console/Kernel.php(37): Illuminate\\Foundation\\Console\\Kernel->load(Array)
#5 /mnt/c/xampp/htdocs/CryptoTrend_system/vendor/laravel/framework/src/Illuminate/Foundation/Console/Kernel.php(328): App\\Console\\Kernel->commands()
#6 /mnt/c/xampp/htdocs/CryptoTrend_system/vendor/laravel/framework/src/Illuminate/Foundation/Console/Kernel.php(131): Illuminate\\Foundation\\Console\\Kernel->bootstrap()
#7 /mnt/c/xampp/htdocs/CryptoTrend_system/artisan(37): Illuminate\\Foundation\\Console\\Kernel->handle(Object(Symfony\\Component\\Console\\Input\\ArgvInput), Object(Symfony\\Component\\Console\\Output\\ConsoleOutput))
#8 {main}
"} 
